<?xml version="1.0" encoding="UTF-8"?>
<testsuite xmlns:xsi="http://www.w3.org/2001/XMLSchema-instance" xsi:noNamespaceSchemaLocation="https://maven.apache.org/surefire/maven-surefire-plugin/xsd/surefire-test-report.xsd" name="com.zoro.AppTest" time="0.102" tests="1" errors="0" skipped="0" failures="0">
  <properties>
    <property name="sun.desktop" value="windows"/>
    <property name="awt.toolkit" value="sun.awt.windows.WToolkit"/>
    <property name="file.encoding.pkg" value="sun.io"/>
    <property name="java.specification.version" value="1.8"/>
    <property name="sun.cpu.isalist" value="amd64"/>
    <property name="sun.jnu.encoding" value="GBK"/>
    <property name="java.class.path" value="D:\Workspace-spring\first-spring-boot-app\spring-reactor\target\test-classes;D:\Workspace-spring\first-spring-boot-app\spring-reactor\target\classes;D:\mvn\shopmvn\shop-repository\junit\junit\4.11\junit-4.11.jar;D:\mvn\shopmvn\shop-repository\org\hamcrest\hamcrest-core\1.3\hamcrest-core-1.3.jar;D:\mvn\shopmvn\shop-repository\org\springframework\boot\spring-boot-starter-web\2.1.0.M1\spring-boot-starter-web-2.1.0.M1.jar;D:\mvn\shopmvn\shop-repository\org\springframework\boot\spring-boot-starter\2.1.0.M1\spring-boot-starter-2.1.0.M1.jar;D:\mvn\shopmvn\shop-repository\org\springframework\boot\spring-boot\2.1.0.M1\spring-boot-2.1.0.M1.jar;D:\mvn\shopmvn\shop-repository\org\springframework\boot\spring-boot-autoconfigure\2.1.0.M1\spring-boot-autoconfigure-2.1.0.M1.jar;D:\mvn\shopmvn\shop-repository\org\springframework\boot\spring-boot-starter-logging\2.1.0.M1\spring-boot-starter-logging-2.1.0.M1.jar;D:\mvn\shopmvn\shop-repository\ch\qos\logback\logback-classic\1.2.3\logback-classic-1.2.3.jar;D:\mvn\shopmvn\shop-repository\ch\qos\logback\logback-core\1.2.3\logback-core-1.2.3.jar;D:\mvn\shopmvn\shop-repository\org\apache\logging\log4j\log4j-to-slf4j\2.11.0\log4j-to-slf4j-2.11.0.jar;D:\mvn\shopmvn\shop-repository\org\apache\logging\log4j\log4j-api\2.11.0\log4j-api-2.11.0.jar;D:\mvn\shopmvn\shop-repository\org\slf4j\jul-to-slf4j\1.7.25\jul-to-slf4j-1.7.25.jar;D:\mvn\shopmvn\shop-repository\javax\annotation\javax.annotation-api\1.3.2\javax.annotation-api-1.3.2.jar;D:\mvn\shopmvn\shop-repository\org\yaml\snakeyaml\1.21\snakeyaml-1.21.jar;D:\mvn\shopmvn\shop-repository\org\springframework\boot\spring-boot-starter-json\2.1.0.M1\spring-boot-starter-json-2.1.0.M1.jar;D:\mvn\shopmvn\shop-repository\com\fasterxml\jackson\datatype\jackson-datatype-jdk8\2.9.6\jackson-datatype-jdk8-2.9.6.jar;D:\mvn\shopmvn\shop-repository\com\fasterxml\jackson\datatype\jackson-datatype-jsr310\2.9.6\jackson-datatype-jsr310-2.9.6.jar;D:\mvn\shopmvn\shop-repository\com\fasterxml\jackson\module\jackson-module-parameter-names\2.9.6\jackson-module-parameter-names-2.9.6.jar;D:\mvn\shopmvn\shop-repository\org\springframework\boot\spring-boot-starter-tomcat\2.1.0.M1\spring-boot-starter-tomcat-2.1.0.M1.jar;D:\mvn\shopmvn\shop-repository\org\apache\tomcat\embed\tomcat-embed-core\9.0.10\tomcat-embed-core-9.0.10.jar;D:\mvn\shopmvn\shop-repository\org\apache\tomcat\embed\tomcat-embed-el\9.0.10\tomcat-embed-el-9.0.10.jar;D:\mvn\shopmvn\shop-repository\org\apache\tomcat\embed\tomcat-embed-websocket\9.0.10\tomcat-embed-websocket-9.0.10.jar;D:\mvn\shopmvn\shop-repository\org\hibernate\validator\hibernate-validator\6.0.11.Final\hibernate-validator-6.0.11.Final.jar;D:\mvn\shopmvn\shop-repository\javax\validation\validation-api\2.0.1.Final\validation-api-2.0.1.Final.jar;D:\mvn\shopmvn\shop-repository\org\jboss\logging\jboss-logging\3.3.2.Final\jboss-logging-3.3.2.Final.jar;D:\mvn\shopmvn\shop-repository\com\fasterxml\classmate\1.3.4\classmate-1.3.4.jar;D:\mvn\shopmvn\shop-repository\org\springframework\spring-web\5.1.0.RC1\spring-web-5.1.0.RC1.jar;D:\mvn\shopmvn\shop-repository\org\springframework\spring-beans\5.1.0.RC1\spring-beans-5.1.0.RC1.jar;D:\mvn\shopmvn\shop-repository\org\springframework\spring-webmvc\5.1.0.RC1\spring-webmvc-5.1.0.RC1.jar;D:\mvn\shopmvn\shop-repository\org\springframework\spring-aop\5.1.0.RC1\spring-aop-5.1.0.RC1.jar;D:\mvn\shopmvn\shop-repository\org\springframework\spring-context\5.1.0.RC1\spring-context-5.1.0.RC1.jar;D:\mvn\shopmvn\shop-repository\org\springframework\spring-expression\5.1.0.RC1\spring-expression-5.1.0.RC1.jar;D:\mvn\shopmvn\shop-repository\org\springframework\boot\spring-boot-starter-webflux\2.1.0.M1\spring-boot-starter-webflux-2.1.0.M1.jar;D:\mvn\shopmvn\shop-repository\org\springframework\boot\spring-boot-starter-reactor-netty\2.1.0.M1\spring-boot-starter-reactor-netty-2.1.0.M1.jar;D:\mvn\shopmvn\shop-repository\io\projectreactor\netty\reactor-netty\0.8.0.M1\reactor-netty-0.8.0.M1.jar;D:\mvn\shopmvn\shop-repository\io\netty\netty-codec-http\4.1.27.Final\netty-codec-http-4.1.27.Final.jar;D:\mvn\shopmvn\shop-repository\io\netty\netty-codec\4.1.27.Final\netty-codec-4.1.27.Final.jar;D:\mvn\shopmvn\shop-repository\io\netty\netty-codec-http2\4.1.27.Final\netty-codec-http2-4.1.27.Final.jar;D:\mvn\shopmvn\shop-repository\io\netty\netty-handler\4.1.27.Final\netty-handler-4.1.27.Final.jar;D:\mvn\shopmvn\shop-repository\io\netty\netty-buffer\4.1.27.Final\netty-buffer-4.1.27.Final.jar;D:\mvn\shopmvn\shop-repository\io\netty\netty-transport\4.1.27.Final\netty-transport-4.1.27.Final.jar;D:\mvn\shopmvn\shop-repository\io\netty\netty-resolver\4.1.27.Final\netty-resolver-4.1.27.Final.jar;D:\mvn\shopmvn\shop-repository\io\netty\netty-handler-proxy\4.1.27.Final\netty-handler-proxy-4.1.27.Final.jar;D:\mvn\shopmvn\shop-repository\io\netty\netty-codec-socks\4.1.27.Final\netty-codec-socks-4.1.27.Final.jar;D:\mvn\shopmvn\shop-repository\io\netty\netty-transport-native-epoll\4.1.27.Final\netty-transport-native-epoll-4.1.27.Final-linux-x86_64.jar;D:\mvn\shopmvn\shop-repository\io\netty\netty-common\4.1.27.Final\netty-common-4.1.27.Final.jar;D:\mvn\shopmvn\shop-repository\io\netty\netty-transport-native-unix-common\4.1.27.Final\netty-transport-native-unix-common-4.1.27.Final.jar;D:\mvn\shopmvn\shop-repository\org\springframework\spring-webflux\5.1.0.RC1\spring-webflux-5.1.0.RC1.jar;D:\mvn\shopmvn\shop-repository\org\synchronoss\cloud\nio-multipart-parser\1.1.0\nio-multipart-parser-1.1.0.jar;D:\mvn\shopmvn\shop-repository\org\slf4j\slf4j-api\1.7.25\slf4j-api-1.7.25.jar;D:\mvn\shopmvn\shop-repository\org\synchronoss\cloud\nio-stream-storage\1.1.3\nio-stream-storage-1.1.3.jar;D:\mvn\shopmvn\shop-repository\org\springframework\boot\spring-boot-starter-test\2.1.0.M1\spring-boot-starter-test-2.1.0.M1.jar;D:\mvn\shopmvn\shop-repository\org\springframework\boot\spring-boot-test\2.1.0.M1\spring-boot-test-2.1.0.M1.jar;D:\mvn\shopmvn\shop-repository\org\springframework\boot\spring-boot-test-autoconfigure\2.1.0.M1\spring-boot-test-autoconfigure-2.1.0.M1.jar;D:\mvn\shopmvn\shop-repository\com\jayway\jsonpath\json-path\2.4.0\json-path-2.4.0.jar;D:\mvn\shopmvn\shop-repository\net\minidev\json-smart\2.3\json-smart-2.3.jar;D:\mvn\shopmvn\shop-repository\net\minidev\accessors-smart\1.2\accessors-smart-1.2.jar;D:\mvn\shopmvn\shop-repository\org\ow2\asm\asm\5.0.4\asm-5.0.4.jar;D:\mvn\shopmvn\shop-repository\org\assertj\assertj-core\3.10.0\assertj-core-3.10.0.jar;D:\mvn\shopmvn\shop-repository\org\mockito\mockito-core\2.19.1\mockito-core-2.19.1.jar;D:\mvn\shopmvn\shop-repository\net\bytebuddy\byte-buddy\1.8.13\byte-buddy-1.8.13.jar;D:\mvn\shopmvn\shop-repository\net\bytebuddy\byte-buddy-agent\1.8.13\byte-buddy-agent-1.8.13.jar;D:\mvn\shopmvn\shop-repository\org\objenesis\objenesis\2.6\objenesis-2.6.jar;D:\mvn\shopmvn\shop-repository\org\hamcrest\hamcrest-library\1.3\hamcrest-library-1.3.jar;D:\mvn\shopmvn\shop-repository\org\skyscreamer\jsonassert\1.5.0\jsonassert-1.5.0.jar;D:\mvn\shopmvn\shop-repository\com\vaadin\external\google\android-json\0.0.20131108.vaadin1\android-json-0.0.20131108.vaadin1.jar;D:\mvn\shopmvn\shop-repository\org\springframework\spring-core\5.1.0.RC1\spring-core-5.1.0.RC1.jar;D:\mvn\shopmvn\shop-repository\org\springframework\spring-jcl\5.1.0.RC1\spring-jcl-5.1.0.RC1.jar;D:\mvn\shopmvn\shop-repository\org\springframework\spring-test\5.1.0.RC1\spring-test-5.1.0.RC1.jar;D:\mvn\shopmvn\shop-repository\org\xmlunit\xmlunit-core\2.6.0\xmlunit-core-2.6.0.jar;D:\mvn\shopmvn\shop-repository\io\projectreactor\reactor-test\3.2.0.M3\reactor-test-3.2.0.M3.jar;D:\mvn\shopmvn\shop-repository\io\projectreactor\reactor-core\3.2.0.M3\reactor-core-3.2.0.M3.jar;D:\mvn\shopmvn\shop-repository\org\reactivestreams\reactive-streams\1.0.2\reactive-streams-1.0.2.jar;D:\mvn\shopmvn\shop-repository\com\fasterxml\jackson\dataformat\jackson-dataformat-xml\2.9.6\jackson-dataformat-xml-2.9.6.jar;D:\mvn\shopmvn\shop-repository\com\fasterxml\jackson\core\jackson-core\2.9.6\jackson-core-2.9.6.jar;D:\mvn\shopmvn\shop-repository\com\fasterxml\jackson\core\jackson-annotations\2.9.0\jackson-annotations-2.9.0.jar;D:\mvn\shopmvn\shop-repository\com\fasterxml\jackson\core\jackson-databind\2.9.6\jackson-databind-2.9.6.jar;D:\mvn\shopmvn\shop-repository\com\fasterxml\jackson\module\jackson-module-jaxb-annotations\2.9.6\jackson-module-jaxb-annotations-2.9.6.jar;D:\mvn\shopmvn\shop-repository\org\codehaus\woodstox\stax2-api\3.1.4\stax2-api-3.1.4.jar;D:\mvn\shopmvn\shop-repository\com\fasterxml\woodstox\woodstox-core\5.0.3\woodstox-core-5.0.3.jar;"/>
    <property name="java.vm.vendor" value="Oracle Corporation"/>
    <property name="sun.arch.data.model" value="64"/>
    <property name="user.variant" value=""/>
    <property name="java.vendor.url" value="http://java.oracle.com/"/>
    <property name="user.timezone" value=""/>
    <property name="java.vm.specification.version" value="1.8"/>
    <property name="os.name" value="Windows 7"/>
    <property name="user.country" value="CN"/>
    <property name="sun.java.launcher" value="SUN_STANDARD"/>
    <property name="sun.boot.library.path" value="D:\soft\Java\jdk1.8.0_131\jre\bin"/>
    <property name="sun.java.command" value="C:\Users\ADMINI~1\AppData\Local\Temp\surefire5556098573393233407\surefirebooter6125954874943077381.jar C:\Users\Administrator\AppData\Local\Temp\surefire5556098573393233407 2018-08-08T22-20-09_318-jvmRun1 surefire5887063943590408094tmp surefire_05668138252665581989tmp"/>
    <property name="surefire.test.class.path" value="D:\Workspace-spring\first-spring-boot-app\spring-reactor\target\test-classes;D:\Workspace-spring\first-spring-boot-app\spring-reactor\target\classes;D:\mvn\shopmvn\shop-repository\junit\junit\4.11\junit-4.11.jar;D:\mvn\shopmvn\shop-repository\org\hamcrest\hamcrest-core\1.3\hamcrest-core-1.3.jar;D:\mvn\shopmvn\shop-repository\org\springframework\boot\spring-boot-starter-web\2.1.0.M1\spring-boot-starter-web-2.1.0.M1.jar;D:\mvn\shopmvn\shop-repository\org\springframework\boot\spring-boot-starter\2.1.0.M1\spring-boot-starter-2.1.0.M1.jar;D:\mvn\shopmvn\shop-repository\org\springframework\boot\spring-boot\2.1.0.M1\spring-boot-2.1.0.M1.jar;D:\mvn\shopmvn\shop-repository\org\springframework\boot\spring-boot-autoconfigure\2.1.0.M1\spring-boot-autoconfigure-2.1.0.M1.jar;D:\mvn\shopmvn\shop-repository\org\springframework\boot\spring-boot-starter-logging\2.1.0.M1\spring-boot-starter-logging-2.1.0.M1.jar;D:\mvn\shopmvn\shop-repository\ch\qos\logback\logback-classic\1.2.3\logback-classic-1.2.3.jar;D:\mvn\shopmvn\shop-repository\ch\qos\logback\logback-core\1.2.3\logback-core-1.2.3.jar;D:\mvn\shopmvn\shop-repository\org\apache\logging\log4j\log4j-to-slf4j\2.11.0\log4j-to-slf4j-2.11.0.jar;D:\mvn\shopmvn\shop-repository\org\apache\logging\log4j\log4j-api\2.11.0\log4j-api-2.11.0.jar;D:\mvn\shopmvn\shop-repository\org\slf4j\jul-to-slf4j\1.7.25\jul-to-slf4j-1.7.25.jar;D:\mvn\shopmvn\shop-repository\javax\annotation\javax.annotation-api\1.3.2\javax.annotation-api-1.3.2.jar;D:\mvn\shopmvn\shop-repository\org\yaml\snakeyaml\1.21\snakeyaml-1.21.jar;D:\mvn\shopmvn\shop-repository\org\springframework\boot\spring-boot-starter-json\2.1.0.M1\spring-boot-starter-json-2.1.0.M1.jar;D:\mvn\shopmvn\shop-repository\com\fasterxml\jackson\datatype\jackson-datatype-jdk8\2.9.6\jackson-datatype-jdk8-2.9.6.jar;D:\mvn\shopmvn\shop-repository\com\fasterxml\jackson\datatype\jackson-datatype-jsr310\2.9.6\jackson-datatype-jsr310-2.9.6.jar;D:\mvn\shopmvn\shop-repository\com\fasterxml\jackson\module\jackson-module-parameter-names\2.9.6\jackson-module-parameter-names-2.9.6.jar;D:\mvn\shopmvn\shop-repository\org\springframework\boot\spring-boot-starter-tomcat\2.1.0.M1\spring-boot-starter-tomcat-2.1.0.M1.jar;D:\mvn\shopmvn\shop-repository\org\apache\tomcat\embed\tomcat-embed-core\9.0.10\tomcat-embed-core-9.0.10.jar;D:\mvn\shopmvn\shop-repository\org\apache\tomcat\embed\tomcat-embed-el\9.0.10\tomcat-embed-el-9.0.10.jar;D:\mvn\shopmvn\shop-repository\org\apache\tomcat\embed\tomcat-embed-websocket\9.0.10\tomcat-embed-websocket-9.0.10.jar;D:\mvn\shopmvn\shop-repository\org\hibernate\validator\hibernate-validator\6.0.11.Final\hibernate-validator-6.0.11.Final.jar;D:\mvn\shopmvn\shop-repository\javax\validation\validation-api\2.0.1.Final\validation-api-2.0.1.Final.jar;D:\mvn\shopmvn\shop-repository\org\jboss\logging\jboss-logging\3.3.2.Final\jboss-logging-3.3.2.Final.jar;D:\mvn\shopmvn\shop-repository\com\fasterxml\classmate\1.3.4\classmate-1.3.4.jar;D:\mvn\shopmvn\shop-repository\org\springframework\spring-web\5.1.0.RC1\spring-web-5.1.0.RC1.jar;D:\mvn\shopmvn\shop-repository\org\springframework\spring-beans\5.1.0.RC1\spring-beans-5.1.0.RC1.jar;D:\mvn\shopmvn\shop-repository\org\springframework\spring-webmvc\5.1.0.RC1\spring-webmvc-5.1.0.RC1.jar;D:\mvn\shopmvn\shop-repository\org\springframework\spring-aop\5.1.0.RC1\spring-aop-5.1.0.RC1.jar;D:\mvn\shopmvn\shop-repository\org\springframework\spring-context\5.1.0.RC1\spring-context-5.1.0.RC1.jar;D:\mvn\shopmvn\shop-repository\org\springframework\spring-expression\5.1.0.RC1\spring-expression-5.1.0.RC1.jar;D:\mvn\shopmvn\shop-repository\org\springframework\boot\spring-boot-starter-webflux\2.1.0.M1\spring-boot-starter-webflux-2.1.0.M1.jar;D:\mvn\shopmvn\shop-repository\org\springframework\boot\spring-boot-starter-reactor-netty\2.1.0.M1\spring-boot-starter-reactor-netty-2.1.0.M1.jar;D:\mvn\shopmvn\shop-repository\io\projectreactor\netty\reactor-netty\0.8.0.M1\reactor-netty-0.8.0.M1.jar;D:\mvn\shopmvn\shop-repository\io\netty\netty-codec-http\4.1.27.Final\netty-codec-http-4.1.27.Final.jar;D:\mvn\shopmvn\shop-repository\io\netty\netty-codec\4.1.27.Final\netty-codec-4.1.27.Final.jar;D:\mvn\shopmvn\shop-repository\io\netty\netty-codec-http2\4.1.27.Final\netty-codec-http2-4.1.27.Final.jar;D:\mvn\shopmvn\shop-repository\io\netty\netty-handler\4.1.27.Final\netty-handler-4.1.27.Final.jar;D:\mvn\shopmvn\shop-repository\io\netty\netty-buffer\4.1.27.Final\netty-buffer-4.1.27.Final.jar;D:\mvn\shopmvn\shop-repository\io\netty\netty-transport\4.1.27.Final\netty-transport-4.1.27.Final.jar;D:\mvn\shopmvn\shop-repository\io\netty\netty-resolver\4.1.27.Final\netty-resolver-4.1.27.Final.jar;D:\mvn\shopmvn\shop-repository\io\netty\netty-handler-proxy\4.1.27.Final\netty-handler-proxy-4.1.27.Final.jar;D:\mvn\shopmvn\shop-repository\io\netty\netty-codec-socks\4.1.27.Final\netty-codec-socks-4.1.27.Final.jar;D:\mvn\shopmvn\shop-repository\io\netty\netty-transport-native-epoll\4.1.27.Final\netty-transport-native-epoll-4.1.27.Final-linux-x86_64.jar;D:\mvn\shopmvn\shop-repository\io\netty\netty-common\4.1.27.Final\netty-common-4.1.27.Final.jar;D:\mvn\shopmvn\shop-repository\io\netty\netty-transport-native-unix-common\4.1.27.Final\netty-transport-native-unix-common-4.1.27.Final.jar;D:\mvn\shopmvn\shop-repository\org\springframework\spring-webflux\5.1.0.RC1\spring-webflux-5.1.0.RC1.jar;D:\mvn\shopmvn\shop-repository\org\synchronoss\cloud\nio-multipart-parser\1.1.0\nio-multipart-parser-1.1.0.jar;D:\mvn\shopmvn\shop-repository\org\slf4j\slf4j-api\1.7.25\slf4j-api-1.7.25.jar;D:\mvn\shopmvn\shop-repository\org\synchronoss\cloud\nio-stream-storage\1.1.3\nio-stream-storage-1.1.3.jar;D:\mvn\shopmvn\shop-repository\org\springframework\boot\spring-boot-starter-test\2.1.0.M1\spring-boot-starter-test-2.1.0.M1.jar;D:\mvn\shopmvn\shop-repository\org\springframework\boot\spring-boot-test\2.1.0.M1\spring-boot-test-2.1.0.M1.jar;D:\mvn\shopmvn\shop-repository\org\springframework\boot\spring-boot-test-autoconfigure\2.1.0.M1\spring-boot-test-autoconfigure-2.1.0.M1.jar;D:\mvn\shopmvn\shop-repository\com\jayway\jsonpath\json-path\2.4.0\json-path-2.4.0.jar;D:\mvn\shopmvn\shop-repository\net\minidev\json-smart\2.3\json-smart-2.3.jar;D:\mvn\shopmvn\shop-repository\net\minidev\accessors-smart\1.2\accessors-smart-1.2.jar;D:\mvn\shopmvn\shop-repository\org\ow2\asm\asm\5.0.4\asm-5.0.4.jar;D:\mvn\shopmvn\shop-repository\org\assertj\assertj-core\3.10.0\assertj-core-3.10.0.jar;D:\mvn\shopmvn\shop-repository\org\mockito\mockito-core\2.19.1\mockito-core-2.19.1.jar;D:\mvn\shopmvn\shop-repository\net\bytebuddy\byte-buddy\1.8.13\byte-buddy-1.8.13.jar;D:\mvn\shopmvn\shop-repository\net\bytebuddy\byte-buddy-agent\1.8.13\byte-buddy-agent-1.8.13.jar;D:\mvn\shopmvn\shop-repository\org\objenesis\objenesis\2.6\objenesis-2.6.jar;D:\mvn\shopmvn\shop-repository\org\hamcrest\hamcrest-library\1.3\hamcrest-library-1.3.jar;D:\mvn\shopmvn\shop-repository\org\skyscreamer\jsonassert\1.5.0\jsonassert-1.5.0.jar;D:\mvn\shopmvn\shop-repository\com\vaadin\external\google\android-json\0.0.20131108.vaadin1\android-json-0.0.20131108.vaadin1.jar;D:\mvn\shopmvn\shop-repository\org\springframework\spring-core\5.1.0.RC1\spring-core-5.1.0.RC1.jar;D:\mvn\shopmvn\shop-repository\org\springframework\spring-jcl\5.1.0.RC1\spring-jcl-5.1.0.RC1.jar;D:\mvn\shopmvn\shop-repository\org\springframework\spring-test\5.1.0.RC1\spring-test-5.1.0.RC1.jar;D:\mvn\shopmvn\shop-repository\org\xmlunit\xmlunit-core\2.6.0\xmlunit-core-2.6.0.jar;D:\mvn\shopmvn\shop-repository\io\projectreactor\reactor-test\3.2.0.M3\reactor-test-3.2.0.M3.jar;D:\mvn\shopmvn\shop-repository\io\projectreactor\reactor-core\3.2.0.M3\reactor-core-3.2.0.M3.jar;D:\mvn\shopmvn\shop-repository\org\reactivestreams\reactive-streams\1.0.2\reactive-streams-1.0.2.jar;D:\mvn\shopmvn\shop-repository\com\fasterxml\jackson\dataformat\jackson-dataformat-xml\2.9.6\jackson-dataformat-xml-2.9.6.jar;D:\mvn\shopmvn\shop-repository\com\fasterxml\jackson\core\jackson-core\2.9.6\jackson-core-2.9.6.jar;D:\mvn\shopmvn\shop-repository\com\fasterxml\jackson\core\jackson-annotations\2.9.0\jackson-annotations-2.9.0.jar;D:\mvn\shopmvn\shop-repository\com\fasterxml\jackson\core\jackson-databind\2.9.6\jackson-databind-2.9.6.jar;D:\mvn\shopmvn\shop-repository\com\fasterxml\jackson\module\jackson-module-jaxb-annotations\2.9.6\jackson-module-jaxb-annotations-2.9.6.jar;D:\mvn\shopmvn\shop-repository\org\codehaus\woodstox\stax2-api\3.1.4\stax2-api-3.1.4.jar;D:\mvn\shopmvn\shop-repository\com\fasterxml\woodstox\woodstox-core\5.0.3\woodstox-core-5.0.3.jar;"/>
    <property name="sun.cpu.endian" value="little"/>
    <property name="user.home" value="C:\Users\Administrator"/>
    <property name="user.language" value="zh"/>
    <property name="java.specification.vendor" value="Oracle Corporation"/>
    <property name="java.home" value="D:\soft\Java\jdk1.8.0_131\jre"/>
    <property name="basedir" value="D:\Workspace-spring\first-spring-boot-app\spring-reactor"/>
    <property name="file.separator" value="\"/>
    <property name="line.separator" value="&#10;"/>
    <property name="java.vm.specification.vendor" value="Oracle Corporation"/>
    <property name="java.specification.name" value="Java Platform API Specification"/>
    <property name="java.awt.graphicsenv" value="sun.awt.Win32GraphicsEnvironment"/>
    <property name="surefire.real.class.path" value="C:\Users\ADMINI~1\AppData\Local\Temp\surefire5556098573393233407\surefirebooter6125954874943077381.jar"/>
    <property name="sun.boot.class.path" value="D:\soft\Java\jdk1.8.0_131\jre\lib\resources.jar;D:\soft\Java\jdk1.8.0_131\jre\lib\rt.jar;D:\soft\Java\jdk1.8.0_131\jre\lib\sunrsasign.jar;D:\soft\Java\jdk1.8.0_131\jre\lib\jsse.jar;D:\soft\Java\jdk1.8.0_131\jre\lib\jce.jar;D:\soft\Java\jdk1.8.0_131\jre\lib\charsets.jar;D:\soft\Java\jdk1.8.0_131\jre\lib\jfr.jar;D:\soft\Java\jdk1.8.0_131\jre\classes"/>
    <property name="user.script" value=""/>
    <property name="sun.management.compiler" value="HotSpot 64-Bit Tiered Compilers"/>
    <property name="java.runtime.version" value="1.8.0_131-b11"/>
    <property name="user.name" value="Administrator"/>
    <property name="path.separator" value=";"/>
    <property name="os.version" value="6.1"/>
    <property name="java.endorsed.dirs" value="D:\soft\Java\jdk1.8.0_131\jre\lib\endorsed"/>
    <property name="java.runtime.name" value="Java(TM) SE Runtime Environment"/>
    <property name="file.encoding" value="GBK"/>
    <property name="java.vm.name" value="Java HotSpot(TM) 64-Bit Server VM"/>
    <property name="localRepository" value="D:\mvn\shopmvn\shop-repository"/>
    <property name="java.vendor.url.bug" value="http://bugreport.sun.com/bugreport/"/>
    <property name="java.io.tmpdir" value="C:\Users\ADMINI~1\AppData\Local\Temp\"/>
    <property name="idea.version" value="2017.1.5"/>
    <property name="java.version" value="1.8.0_131"/>
    <property name="user.dir" value="D:\Workspace-spring\first-spring-boot-app\spring-reactor"/>
    <property name="os.arch" value="amd64"/>
    <property name="java.vm.specification.name" value="Java Virtual Machine Specification"/>
    <property name="java.awt.printerjob" value="sun.awt.windows.WPrinterJob"/>
    <property name="sun.os.patch.level" value="Service Pack 1"/>
    <property name="java.library.path" value="D:\soft\Java\jdk1.8.0_131\jre\bin;C:\Windows\Sun\Java\bin;C:\Windows\system32;C:\Windows;C:\ProgramData\Oracle\Java\javapath;C:\Windows\system32;C:\Windows;C:\Windows\System32\Wbem;C:\Windows\System32\WindowsPowerShell\v1.0\;C:\Program Files (x86)\ATI Technologies\ATI.ACE\Core-Static;D:\soft\Java\jdk1.8.0_131\bin;D:\soft\Java\jdk1.8.0_131\jre\bin;D:\soft\apache-maven-3.0.4\bin;D:\soft\apache-tomcat-7.0.56\bin;D:\soft\apache-tomcat-7.0.56\lib; D:\soft\apache-tomcat-7.0.56\lib\servlet-api.jar;D:\soft\apache-tomcat-7.0.56\lib\jsp-api.jar;D:\soft\apache-tomcat-7.0.56-2\bin;D:\soft\apache-tomcat-7.0.56-2\lib;D:\soft\gradle-1.6\bin;D:\soft\apache-tomcat-7.0.56-2\lib\servlet-api.jar;D:\soft\apache-tomcat-7.0.56-2\lib\jsp-api.jar;C:\Program Files\Lenovo\Bluetooth Software\;C:\Program Files\Lenovo\Bluetooth Software\syswow64;c:\Program Files (x86)\QuickTime\QTSystem\;d:\soft\UltraEdit;d:\soft\Git\cmd;C:\Program Files (x86)\Microsoft SQL Server\100\Tools\Binn\;C:\Program Files\Microsoft SQL Server\100\Tools\Binn\;C:\Program Files\Microsoft SQL Server\100\DTS\Binn\;D:\soft\apache-ant-1.9.11\bin;d:\soft\Windows7Master;D:\soft\Python\Scripts\;D:\soft\Python\;."/>
    <property name="java.vm.info" value="mixed mode"/>
    <property name="java.vendor" value="Oracle Corporation"/>
    <property name="java.vm.version" value="25.131-b11"/>
    <property name="java.ext.dirs" value="D:\soft\Java\jdk1.8.0_131\jre\lib\ext;C:\Windows\Sun\Java\lib\ext"/>
    <property name="sun.io.unicode.encoding" value="UnicodeLittle"/>
    <property name="maven.repo.local" value="D:\mvn\shopmvn\shop-repository"/>
    <property name="java.class.version" value="52.0"/>
  </properties>
  <testcase name="shouldAnswerWithTrue" classname="com.zoro.AppTest" time="0.007"/>
</testsuite>